<?xml version="1.0" encoding="UTF-8"?>
<testsuite xmlns:xsi="http://www.w3.org/2001/XMLSchema-instance" xsi:noNamespaceSchemaLocation="https://maven.apache.org/surefire/maven-surefire-plugin/xsd/surefire-test-report-3.0.xsd" version="3.0" name="tests.RetrievePostsTest" time="0.928" tests="1" errors="0" skipped="0" failures="0">
  <properties>
[...]
</properties>
  <testcase name="Successfully retrieve all posts" classname="Retrieve Posts" time="0.926">
    <system-out><![CDATA[Response status code: 200
Response status code verified: 200
Post 1 has ID: 1
Post 2 has ID: 2
Post 3 has ID: 3
Post 4 has ID: 4
Post 5 has ID: 5
Post 6 has ID: 6
Post 7 has ID: 7
Post 8 has ID: 8
Post 9 has ID: 9
Post 10 has ID: 10
Post 11 has ID: 11
Post 12 has ID: 12
Post 13 has ID: 13
Post 14 has ID: 14
Post 15 has ID: 15
Post 16 has ID: 16
Post 17 has ID: 17
Post 18 has ID: 18
Post 19 has ID: 19
Post 20 has ID: 20
Post 21 has ID: 21
Post 22 has ID: 22
Post 23 has ID: 23
Post 24 has ID: 24
Post 25 has ID: 25
Post 26 has ID: 26
Post 27 has ID: 27
Post 28 has ID: 28
Post 29 has ID: 29
Post 30 has ID: 30
Post 31 has ID: 31
Post 32 has ID: 32
Post 33 has ID: 33
Post 34 has ID: 34
Post 35 has ID: 35
Post 36 has ID: 36
Post 37 has ID: 37
Post 38 has ID: 38
Post 39 has ID: 39
Post 40 has ID: 40
Post 41 has ID: 41
Post 42 has ID: 42
Post 43 has ID: 43
Post 44 has ID: 44
Post 45 has ID: 45
Post 46 has ID: 46
Post 47 has ID: 47
Post 48 has ID: 48
Post 49 has ID: 49
Post 50 has ID: 50
Post 51 has ID: 51
Post 52 has ID: 52
Post 53 has ID: 53
Post 54 has ID: 54
Post 55 has ID: 55
Post 56 has ID: 56
Post 57 has ID: 57
Post 58 has ID: 58
Post 59 has ID: 59
Post 60 has ID: 60
Post 61 has ID: 61
Post 62 has ID: 62
Post 63 has ID: 63
Post 64 has ID: 64
Post 65 has ID: 65
Post 66 has ID: 66
Post 67 has ID: 67
Post 68 has ID: 68
Post 69 has ID: 69
Post 70 has ID: 70
Post 71 has ID: 71
Post 72 has ID: 72
Post 73 has ID: 73
Post 74 has ID: 74
Post 75 has ID: 75
Post 76 has ID: 76
Post 77 has ID: 77
Post 78 has ID: 78
Post 79 has ID: 79
Post 80 has ID: 80
Post 81 has ID: 81
Post 82 has ID: 82
Post 83 has ID: 83
Post 84 has ID: 84
Post 85 has ID: 85
Post 86 has ID: 86
Post 87 has ID: 87
Post 88 has ID: 88
Post 89 has ID: 89
Post 90 has ID: 90
Post 91 has ID: 91
Post 92 has ID: 92
Post 93 has ID: 93
Post 94 has ID: 94
Post 95 has ID: 95
Post 96 has ID: 96
Post 97 has ID: 97
Post 98 has ID: 98
Post 99 has ID: 99
Post 100 has ID: 100
All 100 posts have non-null ID fields
The response matches the posts JSON schema
]]></system-out>
  </testcase>
</testsuite>