<?xml version="1.0" encoding="UTF-8"?>
<testsuite xmlns:xsi="http://www.w3.org/2001/XMLSchema-instance" xsi:noNamespaceSchemaLocation="https://maven.apache.org/surefire/maven-surefire-plugin/xsd/surefire-test-report-3.0.xsd" version="3.0" name="tests.DeletePostTest" time="0.788" tests="1" errors="0" skipped="0" failures="0">
  <properties>
[...]
</properties>
  <testcase name="Successfully delete a post" classname="Delete a Post" time="0.786">
    <system-out><![CDATA[Response status code: 200
Response status code verified: 200
Successfully verified empty response object: {}
The response matches the delete post JSON schema
]]></system-out>
  </testcase>
</testsuite>