<?xml version="1.0" encoding="UTF-8"?>
<testsuite xmlns:xsi="http://www.w3.org/2001/XMLSchema-instance" xsi:noNamespaceSchemaLocation="https://maven.apache.org/surefire/maven-surefire-plugin/xsd/surefire-test-report-3.0.xsd" version="3.0" name="com.example.steps.RunCucumberTest" time="56.669" tests="3" errors="0" skipped="0" failures="0">
  <properties>
[...]
</properties>
  <testcase name="Verify user can buy item" classname="Buy Item" time="41.552">
    <system-out><![CDATA[User successfully logged in
User successfully clicked the first item
Item detail page is displayed
Element not visible initially, attempting to scroll...
UiAutomator2 scroll successful
Add to card button is displayed
User successfully clicked the increment button
Item becomes two
User successfully clicked the add to cart button
User successfully clicked the cart button
Checkout detail page is displayed
User successfully clicked the proceed to checkout button
Checkout form page is displayed
User successfully entered the full name field
User successfully entered the address name 1 field
User successfully entered the address name 2 field
User successfully entered the city field
User successfully entered the state or region field
User successfully entered the zip code field
User successfully entered the country field
User successfully clicked the to payment button
Payment page is displayed
User successfully entered the full name payment field
User successfully entered the card number field
User successfully entered the expiration date field
User successfully entered the security code field
User successfully clicked the review order button
Review order page is displayed
User successfully clicked the place order button
Checkout complete page is displayed
User successfully clicked the continue shopping button
Catalog page is displayed
]]></system-out>
    <system-err><![CDATA[SLF4J: Failed to load class "org.slf4j.impl.StaticLoggerBinder".
SLF4J: Defaulting to no-operation (NOP) logger implementation
SLF4J: See http://www.slf4j.org/codes.html#StaticLoggerBinder for further details.
]]></system-err>
  </testcase>
  <testcase name="User logs in to the account" classname="Login" time="8.467">
    <system-out><![CDATA[Catalog page is displayed
Sidebar button clicked
Sidebar is displayed
Login button clicked
Login form is displayed
User successfully entered the login form
User successfully clicked the submit button
Homepage is displayed
Logout button is displayed
]]></system-out>
  </testcase>
  <testcase name="Verify user can product by name in descending" classname="Sort Filter" time="6.609">
    <system-out><![CDATA[Catalog page is displayed
Sort button is clicked
Sort filter pop up is displayed
User successfully clicked the sort by name in descending button
User successfully verified the item sort by name in descending
User successfully clicked the sort button again
User successfully clicked the sort by price in ascending button
User successfully verified the item sort by price in ascending
]]></system-out>
  </testcase>
</testsuite>